<?xml version="1.0" encoding="UTF-8"?>
<testsuite xmlns:xsi="http://www.w3.org/2001/XMLSchema-instance" xsi:noNamespaceSchemaLocation="https://maven.apache.org/surefire/maven-surefire-plugin/xsd/surefire-test-report-3.0.xsd" version="3.0" name="Project.ExpenseTracker.ExpenseTrackerApplicationTests" time="11.292" tests="1" errors="0" skipped="0" failures="0">
  <properties>
[...]
</properties>
  <testcase name="contextLoads" classname="Project.ExpenseTracker.ExpenseTrackerApplicationTests" time="0.962">
    <system-out><![CDATA[21:20:01.733 [main] INFO org.springframework.test.context.support.AnnotationConfigContextLoaderUtils -- Could not detect default configuration classes for test class [Project.ExpenseTracker.ExpenseTrackerApplicationTests]: ExpenseTrackerApplicationTests does not declare any static, non-private, non-final, nested classes annotated with @Configuration.
21:20:01.910 [main] INFO org.springframework.boot.test.context.SpringBootTestContextBootstrapper -- Found @SpringBootConfiguration Project.ExpenseTracker.ExpenseTrackerApplication for test class Project.ExpenseTracker.ExpenseTrackerApplicationTests

  .   ____          _            __ _ _
 /\\ / ___'_ __ _ _(_)_ __  __ _ \ \ \ \
( ( )\___ | '_ | '_| | '_ \/ _` | \ \ \ \
 \\/  ___)| |_)| | | | | || (_| |  ) ) ) )
  '  |____| .__|_| |_|_| |_\__, | / / / /
 =========|_|==============|___/=/_/_/_/
 :: Spring Boot ::                (v3.1.2)

2023-08-18T21:20:02.721+05:00  INFO 4772 --- [           main] P.E.ExpenseTrackerApplicationTests       : Starting ExpenseTrackerApplicationTests using Java 17.0.2 with PID 4772 (started by Home in D:\Expense Tracker\ExpenseTracker)
2023-08-18T21:20:02.724+05:00  INFO 4772 --- [           main] P.E.ExpenseTrackerApplicationTests       : No active profile set, falling back to 1 default profile: "default"
2023-08-18T21:20:04.094+05:00  INFO 4772 --- [           main] .s.d.r.c.RepositoryConfigurationDelegate : Bootstrapping Spring Data JPA repositories in DEFAULT mode.
2023-08-18T21:20:04.227+05:00  INFO 4772 --- [           main] .s.d.r.c.RepositoryConfigurationDelegate : Finished Spring Data repository scanning in 113 ms. Found 3 JPA repository interfaces.
2023-08-18T21:20:05.541+05:00  INFO 4772 --- [           main] o.hibernate.jpa.internal.util.LogHelper  : HHH000204: Processing PersistenceUnitInfo [name: default]
2023-08-18T21:20:05.672+05:00  INFO 4772 --- [           main] org.hibernate.Version                    : HHH000412: Hibernate ORM core version 6.2.6.Final
2023-08-18T21:20:05.683+05:00  INFO 4772 --- [           main] org.hibernate.cfg.Environment            : HHH000406: Using bytecode reflection optimizer
2023-08-18T21:20:06.107+05:00  INFO 4772 --- [           main] o.h.b.i.BytecodeProviderInitiator        : HHH000021: Bytecode provider name : bytebuddy
2023-08-18T21:20:06.378+05:00  INFO 4772 --- [           main] o.s.o.j.p.SpringPersistenceUnitInfo      : No LoadTimeWeaver setup: ignoring JPA class transformer
2023-08-18T21:20:06.416+05:00  INFO 4772 --- [           main] com.zaxxer.hikari.HikariDataSource       : HikariPool-1 - Starting...
2023-08-18T21:20:07.179+05:00  INFO 4772 --- [           main] com.zaxxer.hikari.pool.HikariPool        : HikariPool-1 - Added connection com.mysql.cj.jdbc.ConnectionImpl@1d944fc0
2023-08-18T21:20:07.185+05:00  INFO 4772 --- [           main] com.zaxxer.hikari.HikariDataSource       : HikariPool-1 - Start completed.
2023-08-18T21:20:07.988+05:00  INFO 4772 --- [           main] o.h.b.i.BytecodeProviderInitiator        : HHH000021: Bytecode provider name : bytebuddy
2023-08-18T21:20:09.299+05:00  INFO 4772 --- [           main] o.h.e.t.j.p.i.JtaPlatformInitiator       : HHH000490: Using JtaPlatform implementation: [org.hibernate.engine.transaction.jta.platform.internal.NoJtaPlatform]
2023-08-18T21:20:09.450+05:00  INFO 4772 --- [           main] j.LocalContainerEntityManagerFactoryBean : Initialized JPA EntityManagerFactory for persistence unit 'default'
2023-08-18T21:20:10.315+05:00  WARN 4772 --- [           main] JpaBaseConfiguration$JpaWebConfiguration : spring.jpa.open-in-view is enabled by default. Therefore, database queries may be performed during view rendering. Explicitly configure spring.jpa.open-in-view to disable this warning
2023-08-18T21:20:10.762+05:00  INFO 4772 --- [           main] o.s.s.web.DefaultSecurityFilterChain     : Will secure any request with [org.springframework.security.web.session.DisableEncodeUrlFilter@65fa56f7, org.springframework.security.web.context.request.async.WebAsyncManagerIntegrationFilter@232be28d, org.springframework.security.web.context.SecurityContextHolderFilter@2b85edc7, org.springframework.security.web.header.HeaderWriterFilter@8a11a19, org.springframework.security.web.csrf.CsrfFilter@2fbb098f, org.springframework.security.web.authentication.logout.LogoutFilter@5feb8e9a, org.springframework.security.web.authentication.UsernamePasswordAuthenticationFilter@6ee07d7f, org.springframework.security.web.savedrequest.RequestCacheAwareFilter@2559f65c, org.springframework.security.web.servletapi.SecurityContextHolderAwareRequestFilter@490704a5, org.springframework.security.web.authentication.AnonymousAuthenticationFilter@69c6e5, org.springframework.security.web.access.ExceptionTranslationFilter@35d53cd8, org.springframework.security.web.access.intercept.FilterSecurityInterceptor@58d4fe33]
2023-08-18T21:20:11.767+05:00  INFO 4772 --- [           main] P.E.ExpenseTrackerApplicationTests       : Started ExpenseTrackerApplicationTests in 9.542 seconds (process running for 11.214)
]]></system-out>
  </testcase>
</testsuite>